<?xml version="1.0" encoding="UTF-8"?>
<testsuite name="codeanalysis.BasicInfoTests" tests="4" skipped="0" failures="0" errors="0" timestamp="2021-07-13T16:26:41" hostname="kes-iMac.local" time="0.004">
  <properties/>
  <testcase name="getImportPaicTypesInfoTests()" classname="codeanalysis.BasicInfoTests" time="0.001"/>
  <testcase name="getOtherTypesExclueSelfTests()" classname="codeanalysis.BasicInfoTests" time="0.001"/>
  <testcase name="getImportPaicTypesTests()" classname="codeanalysis.BasicInfoTests" time="0.001"/>
  <testcase name="getFilesPathInProjectTests()" classname="codeanalysis.BasicInfoTests" time="0.001"/>
  <system-out><![CDATA[]]></system-out>
  <system-err><![CDATA[]]></system-err>
</testsuite>
