<?xml version="1.0" encoding="UTF-8"?>
<testsuite name="codeanalysis.ModuleDependencyTests" tests="2" skipped="0" failures="0" errors="0" timestamp="2021-08-10T02:15:26" hostname="kes-iMac.local" time="0.032">
  <properties/>
  <testcase name="calcModuleFanInTests()" classname="codeanalysis.ModuleDependencyTests" time="0.027"/>
  <testcase name="calcModuleFanOutTests()" classname="codeanalysis.ModuleDependencyTests" time="0.004"/>
  <system-out><![CDATA[]]></system-out>
  <system-err><![CDATA[]]></system-err>
</testsuite>
