<?xml version="1.0" encoding="UTF-8"?>
<testsuite name="codeanalysis.ProjectDependencyTests" tests="1" skipped="0" failures="0" errors="0" timestamp="2021-07-12T15:32:38" hostname="kes-iMac.local" time="0.011">
  <properties/>
  <testcase name="findAllimportPaicTypesTests()" classname="codeanalysis.ProjectDependencyTests" time="0.011"/>
  <system-out><![CDATA[]]></system-out>
  <system-err><![CDATA[]]></system-err>
</testsuite>
