<?xml version="1.0" encoding="UTF-8"?>
<testsuite name="codeanalysis.ProjectInfoTests" tests="1" skipped="0" failures="0" errors="0" timestamp="2021-07-12T08:58:56" hostname="Kes-MacBook-Pro.local" time="0.067">
  <properties/>
  <testcase name="initModulesInProjectTests()" classname="codeanalysis.ProjectInfoTests" time="0.067"/>
  <system-out><![CDATA[codeanalysis.TypeInfo@254f01a2
]]></system-out>
  <system-err><![CDATA[]]></system-err>
</testsuite>
