<?xml version="1.0" encoding="UTF-8"?>
<testsuite name="codeanalysis.ProjectInfoTests" tests="1" skipped="0" failures="0" errors="0" timestamp="2021-08-10T02:15:26" hostname="kes-iMac.local" time="0.008">
  <properties/>
  <testcase name="initModulesInProjectTests()" classname="codeanalysis.ProjectInfoTests" time="0.008"/>
  <system-out><![CDATA[]]></system-out>
  <system-err><![CDATA[]]></system-err>
</testsuite>
