<?xml version="1.0" encoding="UTF-8"?>
<testsuite name="codeanalysis.TypeAnalysisTests" tests="3" skipped="0" failures="0" errors="0" timestamp="2021-07-13T14:42:08" hostname="kes-iMac.local" time="0.003">
  <properties/>
  <testcase name="calcAndGetDepTypesTests()" classname="codeanalysis.TypeAnalysisTests" time="0.0"/>
  <testcase name="subTypeSplitTests()" classname="codeanalysis.TypeAnalysisTests" time="0.0"/>
  <testcase name="getPackageNameTests()" classname="codeanalysis.TypeAnalysisTests" time="0.001"/>
  <system-out><![CDATA[]]></system-out>
  <system-err><![CDATA[]]></system-err>
</testsuite>
