<?xml version="1.0" encoding="UTF-8"?>
<testsuite name="codeanalysis.ProjectDependencyTests" tests="1" skipped="0" failures="0" errors="0" timestamp="2021-07-13T10:55:56" hostname="Kes-MacBook-Pro.local" time="0.038">
  <properties/>
  <testcase name="calcModulesInstabilityTests()" classname="codeanalysis.ProjectDependencyTests" time="0.038"/>
  <system-out><![CDATA[]]></system-out>
  <system-err><![CDATA[]]></system-err>
</testsuite>
