<?xml version="1.0" encoding="UTF-8"?>
<testsuite name="FilePathServiceImplTests" tests="1" skipped="0" failures="0" errors="0" timestamp="2021-07-07T03:16:17" hostname="Kes-MacBook-Pro.local" time="0.104">
  <properties/>
  <testcase name="test()" classname="FilePathServiceImplTests" time="0.104"/>
  <system-out><![CDATA[]]></system-out>
  <system-err><![CDATA[]]></system-err>
</testsuite>
