<?xml version="1.0" encoding="UTF-8"?>
<testsuite name="util.ClassAnalysisTests" tests="1" skipped="0" failures="0" errors="0" timestamp="2021-07-08T10:48:55" hostname="Kes-MacBook-Pro.local" time="0.039">
  <properties/>
  <testcase name="getImportPaicCLassTests()" classname="util.ClassAnalysisTests" time="0.039"/>
  <system-out><![CDATA[]]></system-out>
  <system-err><![CDATA[]]></system-err>
</testsuite>
