<?xml version="1.0" encoding="UTF-8"?>
<testsuite name="codeanalysis.TypeAnalysisTests" tests="1" skipped="0" failures="0" errors="0" timestamp="2021-07-09T09:40:24" hostname="Kes-MacBook-Pro.local" time="0.035">
  <properties/>
  <testcase name="findImportPaicTypesPerTypeTests()" classname="codeanalysis.TypeAnalysisTests" time="0.035"/>
  <system-out><![CDATA[]]></system-out>
  <system-err><![CDATA[]]></system-err>
</testsuite>
