<?xml version="1.0" encoding="UTF-8"?>
<testsuite name="util.MathUtilTests" tests="2" skipped="0" failures="0" errors="0" timestamp="2021-07-14T02:38:02" hostname="Kes-MacBook-Pro.local" time="0.005">
  <properties/>
  <testcase name="calcTriangleCHeightTests()" classname="util.MathUtilTests" time="0.001"/>
  <testcase name="calcPointDistanceTests()" classname="util.MathUtilTests" time="0.002"/>
  <system-out><![CDATA[]]></system-out>
  <system-err><![CDATA[]]></system-err>
</testsuite>
