<?xml version="1.0" encoding="UTF-8"?>
<testsuite name="util.FilePathUtilTests" tests="2" skipped="0" failures="0" errors="0" timestamp="2021-07-14T03:34:41" hostname="Kes-MacBook-Pro.local" time="0.101">
  <properties/>
  <testcase name="typePathToTypeNameTests()" classname="util.FilePathUtilTests" time="0.013"/>
  <testcase name="getFilesPathInProjectTests()" classname="util.FilePathUtilTests" time="0.087"/>
  <system-out><![CDATA[]]></system-out>
  <system-err><![CDATA[]]></system-err>
</testsuite>
