<?xml version="1.0" encoding="UTF-8"?>
<testsuite name="codeanalysis.ProjectInfoTests" tests="1" skipped="0" failures="0" errors="0" timestamp="2021-07-14T02:38:02" hostname="Kes-MacBook-Pro.local" time="0.038">
  <properties/>
  <testcase name="initModulesInProjectTests()" classname="codeanalysis.ProjectInfoTests" time="0.038"/>
  <system-out><![CDATA[]]></system-out>
  <system-err><![CDATA[]]></system-err>
</testsuite>
