<?xml version="1.0" encoding="UTF-8"?>
<testsuite name="util.FilePathUtilTests" tests="2" skipped="0" failures="0" errors="0" timestamp="2021-08-10T02:15:25" hostname="kes-iMac.local" time="0.106">
  <properties/>
  <testcase name="typePathToTypeNameTests()" classname="util.FilePathUtilTests" time="0.034"/>
  <testcase name="getFilesPathInProjectTests()" classname="util.FilePathUtilTests" time="0.071"/>
  <system-out><![CDATA[]]></system-out>
  <system-err><![CDATA[]]></system-err>
</testsuite>
