<?xml version="1.0" encoding="UTF-8"?>
<testsuite name="codeanalysis.ProjectDependencyTests" tests="4" skipped="0" failures="0" errors="0" timestamp="2021-07-13T16:26:41" hostname="kes-iMac.local" time="0.012">
  <properties/>
  <testcase name="calcModulesInstabilityTests()" classname="codeanalysis.ProjectDependencyTests" time="0.004"/>
  <testcase name="calcTypesFanInInProjectTests()" classname="codeanalysis.ProjectDependencyTests" time="0.002"/>
  <testcase name="calcModulesAbstractnessTests()" classname="codeanalysis.ProjectDependencyTests" time="0.003"/>
  <testcase name="findAllimportPaicTypesTests()" classname="codeanalysis.ProjectDependencyTests" time="0.0"/>
  <system-out><![CDATA[]]></system-out>
  <system-err><![CDATA[]]></system-err>
</testsuite>
