<?xml version="1.0" encoding="UTF-8"?>
<testsuite name="codeanalysis.BasicInfoTests" tests="4" skipped="0" failures="0" errors="0" timestamp="2021-07-14T02:38:02" hostname="Kes-MacBook-Pro.local" time="0.015">
  <properties/>
  <testcase name="getImportPaicTypesInfoTests()" classname="codeanalysis.BasicInfoTests" time="0.002"/>
  <testcase name="getOtherTypesExclueSelfTests()" classname="codeanalysis.BasicInfoTests" time="0.002"/>
  <testcase name="getImportPaicTypesTests()" classname="codeanalysis.BasicInfoTests" time="0.002"/>
  <testcase name="getFilesPathInProjectTests()" classname="codeanalysis.BasicInfoTests" time="0.002"/>
  <system-out><![CDATA[]]></system-out>
  <system-err><![CDATA[]]></system-err>
</testsuite>
