<?xml version="1.0" encoding="UTF-8"?>
<testsuite name="codeanalysis.ArthAnalysisTests" tests="2" skipped="0" failures="0" errors="0" timestamp="2021-07-14T02:38:02" hostname="Kes-MacBook-Pro.local" time="0.013">
  <properties/>
  <testcase name="combineAbsAndInsToPairMapTests()" classname="codeanalysis.ArthAnalysisTests" time="0.008"/>
  <testcase name="calcModuleDistanceTests()" classname="codeanalysis.ArthAnalysisTests" time="0.004"/>
  <system-out><![CDATA[]]></system-out>
  <system-err><![CDATA[]]></system-err>
</testsuite>
