<?xml version="1.0" encoding="UTF-8"?>
<testsuite name="util.ClassAnalysisTests" tests="3" skipped="0" failures="0" errors="0" timestamp="2021-07-08T10:42:14" hostname="Kes-MacBook-Pro.local" time="0.042">
  <properties/>
  <testcase name="getCLassTypeTests()" classname="util.ClassAnalysisTests" time="0.035"/>
  <testcase name="getPackageNameTests()" classname="util.ClassAnalysisTests" time="0.002"/>
  <testcase name="getImportCLassTests()" classname="util.ClassAnalysisTests" time="0.002"/>
  <system-out><![CDATA[]]></system-out>
  <system-err><![CDATA[]]></system-err>
</testsuite>
