<?xml version="1.0" encoding="UTF-8"?>
<testsuite name="codeanalysis.ModuleDependencyTests" tests="2" skipped="0" failures="0" errors="0" timestamp="2021-07-13T16:26:41" hostname="kes-iMac.local" time="0.028">
  <properties/>
  <testcase name="calcModuleFanInTests()" classname="codeanalysis.ModuleDependencyTests" time="0.024"/>
  <testcase name="calcModuleFanOutTests()" classname="codeanalysis.ModuleDependencyTests" time="0.003"/>
  <system-out><![CDATA[]]></system-out>
  <system-err><![CDATA[]]></system-err>
</testsuite>
