<?xml version="1.0" encoding="UTF-8"?>
<testsuite name="codeanalysis.ProjectDependencyTests" tests="4" skipped="0" failures="0" errors="0" timestamp="2021-07-14T03:34:42" hostname="Kes-MacBook-Pro.local" time="0.035">
  <properties/>
  <testcase name="calcModulesInstabilityTests()" classname="codeanalysis.ProjectDependencyTests" time="0.013"/>
  <testcase name="calcTypesFanInInProjectTests()" classname="codeanalysis.ProjectDependencyTests" time="0.003"/>
  <testcase name="calcModulesAbstractnessTests()" classname="codeanalysis.ProjectDependencyTests" time="0.012"/>
  <testcase name="findAllimportPaicTypesTests()" classname="codeanalysis.ProjectDependencyTests" time="0.004"/>
  <system-out><![CDATA[]]></system-out>
  <system-err><![CDATA[]]></system-err>
</testsuite>
