<?xml version="1.0" encoding="UTF-8"?>
<testsuite name="util.FilePathUtilTests" tests="2" skipped="0" failures="0" errors="0" timestamp="2021-07-13T14:42:08" hostname="kes-iMac.local" time="0.084">
  <properties/>
  <testcase name="typePathToTypeNameTests()" classname="util.FilePathUtilTests" time="0.025"/>
  <testcase name="getFilesPathInProjectTests()" classname="util.FilePathUtilTests" time="0.058"/>
  <system-out><![CDATA[]]></system-out>
  <system-err><![CDATA[]]></system-err>
</testsuite>
