<?xml version="1.0" encoding="UTF-8"?>
<testsuite name="util.MathUtilTests" tests="2" skipped="0" failures="0" errors="0" timestamp="2021-08-10T02:15:26" hostname="kes-iMac.local" time="0.001">
  <properties/>
  <testcase name="calcTriangleCHeightTests()" classname="util.MathUtilTests" time="0.0"/>
  <testcase name="calcPointDistanceTests()" classname="util.MathUtilTests" time="0.0"/>
  <system-out><![CDATA[]]></system-out>
  <system-err><![CDATA[]]></system-err>
</testsuite>
