<?xml version="1.0" encoding="UTF-8"?>
<testsuite name="codeanalysis.ProjectInfoTests" tests="1" skipped="0" failures="0" errors="0" timestamp="2021-07-13T14:42:08" hostname="kes-iMac.local" time="0.006">
  <properties/>
  <testcase name="initModulesInProjectTests()" classname="codeanalysis.ProjectInfoTests" time="0.006"/>
  <system-out><![CDATA[]]></system-out>
  <system-err><![CDATA[]]></system-err>
</testsuite>
