<?xml version="1.0" encoding="UTF-8"?>
<testsuite name="FilePathServiceImplTests" tests="1" skipped="0" failures="0" errors="0" timestamp="2021-07-07T03:25:23" hostname="Kes-MacBook-Pro.local" time="0.128">
  <properties/>
  <testcase name="getFilesPath()" classname="FilePathServiceImplTests" time="0.128"/>
  <system-out><![CDATA[]]></system-out>
  <system-err><![CDATA[]]></system-err>
</testsuite>
